# JRE version: OpenJDK Runtime Environment (8.0_152-b01) (build 1.8.0_152-release-915-b01)
# Java VM: OpenJDK 64-Bit Server VM (25.152-b01 mixed mode linux-amd64 compressed oops)
Heap:
 PSYoungGen      total 279552K, used 29670K [0x000000076ab00000, 0x000000077dd00000, 0x00000007c0000000)
  eden space 249856K, 0% used [0x000000076ab00000,0x000000076ab00000,0x0000000779f00000)
  from space 29696K, 99% used [0x0000000779f00000,0x000000077bbf99e0,0x000000077bc00000)
  to   space 25600K, 0% used [0x000000077bc00000,0x000000077bc00000,0x000000077d500000)
 ParOldGen       total 84992K, used 70973K [0x00000006c0000000, 0x00000006c5300000, 0x000000076ab00000)
  object space 84992K, 83% used [0x00000006c0000000,0x00000006c454f758,0x00000006c5300000)
 Metaspace       used 6674K, capacity 7384K, committed 7680K, reserved 1056768K
  class space    used 616K, capacity 656K, committed 768K, reserved 1048576K
GC Heap History (10 events):
Event: 1,964 GC heap after
Heap after GC invocations=2 (full 0):
 PSYoungGen      total 68608K, used 5097K [0x000000076ab00000, 0x000000076f300000, 0x00000007c0000000)
  eden space 63488K, 0% used [0x000000076ab00000,0x000000076ab00000,0x000000076e900000)
  from space 5120K, 99% used [0x000000076ee00000,0x000000076f2fa740,0x000000076f300000)
  to   space 5120K, 0% used [0x000000076e900000,0x000000076e900000,0x000000076ee00000)
 ParOldGen       total 84992K, used 5742K [0x00000006c0000000, 0x00000006c5300000, 0x000000076ab00000)
  object space 84992K, 6% used [0x00000006c0000000,0x00000006c059bb48,0x00000006c5300000)
 Metaspace       used 5998K, capacity 6896K, committed 7040K, reserved 1056768K
  class space    used 590K, capacity 616K, committed 640K, reserved 1048576K
}
Event: 2,642 GC heap before
{Heap before GC invocations=3 (full 0):
 PSYoungGen      total 68608K, used 68585K [0x000000076ab00000, 0x000000076f300000, 0x00000007c0000000)
  eden space 63488K, 100% used [0x000000076ab00000,0x000000076e900000,0x000000076e900000)
  from space 5120K, 99% used [0x000000076ee00000,0x000000076f2fa740,0x000000076f300000)
  to   space 5120K, 0% used [0x000000076e900000,0x000000076e900000,0x000000076ee00000)
 ParOldGen       total 84992K, used 5742K [0x00000006c0000000, 0x00000006c5300000, 0x000000076ab00000)
  object space 84992K, 6% used [0x00000006c0000000,0x00000006c059bb48,0x00000006c5300000)
 Metaspace       used 6123K, capacity 7024K, committed 7296K, reserved 1056768K
  class space    used 591K, capacity 616K, committed 640K, reserved 1048576K
Event: 2,722 GC heap after
Heap after GC invocations=3 (full 0):
 PSYoungGen      total 68608K, used 5088K [0x000000076ab00000, 0x0000000773100000, 0x00000007c0000000)
  eden space 63488K, 0% used [0x000000076ab00000,0x000000076ab00000,0x000000076e900000)
  from space 5120K, 99% used [0x000000076e900000,0x000000076edf81e8,0x000000076ee00000)
  to   space 5120K, 0% used [0x0000000772c00000,0x0000000772c00000,0x0000000773100000)
 ParOldGen       total 84992K, used 15397K [0x00000006c0000000, 0x00000006c5300000, 0x000000076ab00000)
  object space 84992K, 18% used [0x00000006c0000000,0x00000006c0f094e8,0x00000006c5300000)
 Metaspace       used 6123K, capacity 7024K, committed 7296K, reserved 1056768K
  class space    used 591K, capacity 616K, committed 640K, reserved 1048576K
}
Event: 3,055 GC heap before
{Heap before GC invocations=4 (full 0):
 PSYoungGen      total 68608K, used 68576K [0x000000076ab00000, 0x0000000773100000, 0x00000007c0000000)
  eden space 63488K, 100% used [0x000000076ab00000,0x000000076e900000,0x000000076e900000)
  from space 5120K, 99% used [0x000000076e900000,0x000000076edf81e8,0x000000076ee00000)
  to   space 5120K, 0% used [0x0000000772c00000,0x0000000772c00000,0x0000000773100000)
 ParOldGen       total 84992K, used 15397K [0x00000006c0000000, 0x00000006c5300000, 0x000000076ab00000)
  object space 84992K, 18% used [0x00000006c0000000,0x00000006c0f094e8,0x00000006c5300000)
 Metaspace       used 6123K, capacity 7024K, committed 7296K, reserved 1056768K
  class space    used 591K, capacity 616K, committed 640K, reserved 1048576K
Event: 3,108 GC heap after
Heap after GC invocations=4 (full 0):
 PSYoungGen      total 132096K, used 5119K [0x000000076ab00000, 0x0000000773100000, 0x00000007c0000000)
  eden space 126976K, 0% used [0x000000076ab00000,0x000000076ab00000,0x0000000772700000)
  from space 5120K, 99% used [0x0000000772c00000,0x00000007730ffea0,0x0000000773100000)
  to   space 5120K, 0% used [0x0000000772700000,0x0000000772700000,0x0000000772c00000)
 ParOldGen       total 84992K, used 24105K [0x00000006c0000000, 0x00000006c5300000, 0x000000076ab00000)
  object space 84992K, 28% used [0x00000006c0000000,0x00000006c178a4c0,0x00000006c5300000)
 Metaspace       used 6123K, capacity 7024K, committed 7296K, reserved 1056768K
  class space    used 591K, capacity 616K, committed 640K, reserved 1048576K
}
Event: 3,786 GC heap before
{Heap before GC invocations=5 (full 0):
 PSYoungGen      total 132096K, used 132095K [0x000000076ab00000, 0x0000000773100000, 0x00000007c0000000)
  eden space 126976K, 100% used [0x000000076ab00000,0x0000000772700000,0x0000000772700000)
  from space 5120K, 99% used [0x0000000772c00000,0x00000007730ffea0,0x0000000773100000)
  to   space 5120K, 0% used [0x0000000772700000,0x0000000772700000,0x0000000772c00000)
 ParOldGen       total 84992K, used 24105K [0x00000006c0000000, 0x00000006c5300000, 0x000000076ab00000)
  object space 84992K, 28% used [0x00000006c0000000,0x00000006c178a4c0,0x00000006c5300000)
 Metaspace       used 6283K, capacity 7152K, committed 7296K, reserved 1056768K
  class space    used 591K, capacity 616K, committed 640K, reserved 1048576K
Event: 3,872 GC heap after
Heap after GC invocations=5 (full 0):
 PSYoungGen      total 132096K, used 5117K [0x000000076ab00000, 0x000000077d500000, 0x00000007c0000000)
  eden space 126976K, 0% used [0x000000076ab00000,0x000000076ab00000,0x0000000772700000)
  from space 5120K, 99% used [0x0000000772700000,0x0000000772bff450,0x0000000772c00000)
  to   space 25600K, 0% used [0x000000077bc00000,0x000000077bc00000,0x000000077d500000)
 ParOldGen       total 84992K, used 43646K [0x00000006c0000000, 0x00000006c5300000, 0x000000076ab00000)
  object space 84992K, 51% used [0x00000006c0000000,0x00000006c2a9f9e0,0x00000006c5300000)
 Metaspace       used 6283K, capacity 7152K, committed 7296K, reserved 1056768K
  class space    used 591K, capacity 616K, committed 640K, reserved 1048576K
}
Event: 4,514 GC heap before
{Heap before GC invocations=6 (full 0):
 PSYoungGen      total 132096K, used 132093K [0x000000076ab00000, 0x000000077d500000, 0x00000007c0000000)
  eden space 126976K, 100% used [0x000000076ab00000,0x0000000772700000,0x0000000772700000)
  from space 5120K, 99% used [0x0000000772700000,0x0000000772bff450,0x0000000772c00000)
  to   space 25600K, 0% used [0x000000077bc00000,0x000000077bc00000,0x000000077d500000)
 ParOldGen       total 84992K, used 43646K [0x00000006c0000000, 0x00000006c5300000, 0x000000076ab00000)
  object space 84992K, 51% used [0x00000006c0000000,0x00000006c2a9f9e0,0x00000006c5300000)
 Metaspace       used 6416K, capacity 7216K, committed 7296K, reserved 1056768K
  class space    used 591K, capacity 616K, committed 640K, reserved 1048576K
Event: 4,589 GC heap after
Heap after GC invocations=6 (full 0):
 PSYoungGen      total 275456K, used 24059K [0x000000076ab00000, 0x000000077dd00000, 0x00000007c0000000)
  eden space 249856K, 0% used [0x000000076ab00000,0x000000076ab00000,0x0000000779f00000)
  from space 25600K, 93% used [0x000000077bc00000,0x000000077d37ec60,0x000000077d500000)
  to   space 29696K, 0% used [0x0000000779f00000,0x0000000779f00000,0x000000077bc00000)
 ParOldGen       total 84992K, used 43646K [0x00000006c0000000, 0x00000006c5300000, 0x000000076ab00000)
  object space 84992K, 51% used [0x00000006c0000000,0x00000006c2a9f9e0,0x00000006c5300000)
 Metaspace       used 6416K, capacity 7216K, committed 7296K, reserved 1056768K
  class space    used 591K, capacity 616K, committed 640K, reserved 1048576K
}
Event: 6,447 GC heap before
{Heap before GC invocations=7 (full 0):
 PSYoungGen      total 275456K, used 273915K [0x000000076ab00000, 0x000000077dd00000, 0x00000007c0000000)
  eden space 249856K, 100% used [0x000000076ab00000,0x0000000779f00000,0x0000000779f00000)
  from space 25600K, 93% used [0x000000077bc00000,0x000000077d37ec60,0x000000077d500000)
  to   space 29696K, 0% used [0x0000000779f00000,0x0000000779f00000,0x000000077bc00000)
 ParOldGen       total 84992K, used 43646K [0x00000006c0000000, 0x00000006c5300000, 0x000000076ab00000)
  object space 84992K, 51% used [0x00000006c0000000,0x00000006c2a9f9e0,0x00000006c5300000)
 Metaspace       used 6674K, capacity 7384K, committed 7680K, reserved 1056768K
  class space    used 616K, capacity 656K, committed 768K, reserved 1048576K

