# JRE version: OpenJDK Runtime Environment (8.0_152-b01) (build 1.8.0_152-release-915-b01)
# Java VM: OpenJDK 64-Bit Server VM (25.152-b01 mixed mode linux-amd64 compressed oops)
Heap:
 PSYoungGen      total 279552K, used 29681K [0x000000076ab00000, 0x000000077dd00000, 0x00000007c0000000)
  eden space 249856K, 0% used [0x000000076ab00000,0x000000076ab00000,0x0000000779f00000)
  from space 29696K, 99% used [0x0000000779f00000,0x000000077bbfc5b0,0x000000077bc00000)
  to   space 25600K, 0% used [0x000000077bc00000,0x000000077bc00000,0x000000077d500000)
 ParOldGen       total 84992K, used 72990K [0x00000006c0000000, 0x00000006c5300000, 0x000000076ab00000)
  object space 84992K, 85% used [0x00000006c0000000,0x00000006c4747880,0x00000006c5300000)
 Metaspace       used 6887K, capacity 7512K, committed 7680K, reserved 1056768K
  class space    used 628K, capacity 656K, committed 768K, reserved 1048576K
GC Heap History (10 events):
Event: 2,006 GC heap after
Heap after GC invocations=2 (full 0):
 PSYoungGen      total 68608K, used 5118K [0x000000076ab00000, 0x000000076f300000, 0x00000007c0000000)
  eden space 63488K, 0% used [0x000000076ab00000,0x000000076ab00000,0x000000076e900000)
  from space 5120K, 99% used [0x000000076ee00000,0x000000076f2ff8a8,0x000000076f300000)
  to   space 5120K, 0% used [0x000000076e900000,0x000000076e900000,0x000000076ee00000)
 ParOldGen       total 84992K, used 6110K [0x00000006c0000000, 0x00000006c5300000, 0x000000076ab00000)
  object space 84992K, 7% used [0x00000006c0000000,0x00000006c05f7b98,0x00000006c5300000)
 Metaspace       used 5958K, capacity 6896K, committed 7040K, reserved 1056768K
  class space    used 590K, capacity 616K, committed 640K, reserved 1048576K
}
Event: 2,660 GC heap before
{Heap before GC invocations=3 (full 0):
 PSYoungGen      total 68608K, used 68606K [0x000000076ab00000, 0x000000076f300000, 0x00000007c0000000)
  eden space 63488K, 100% used [0x000000076ab00000,0x000000076e900000,0x000000076e900000)
  from space 5120K, 99% used [0x000000076ee00000,0x000000076f2ff8a8,0x000000076f300000)
  to   space 5120K, 0% used [0x000000076e900000,0x000000076e900000,0x000000076ee00000)
 ParOldGen       total 84992K, used 6110K [0x00000006c0000000, 0x00000006c5300000, 0x000000076ab00000)
  object space 84992K, 7% used [0x00000006c0000000,0x00000006c05f7b98,0x00000006c5300000)
 Metaspace       used 6107K, capacity 7024K, committed 7296K, reserved 1056768K
  class space    used 591K, capacity 616K, committed 640K, reserved 1048576K
Event: 2,712 GC heap after
Heap after GC invocations=3 (full 0):
 PSYoungGen      total 68608K, used 5118K [0x000000076ab00000, 0x0000000773100000, 0x00000007c0000000)
  eden space 63488K, 0% used [0x000000076ab00000,0x000000076ab00000,0x000000076e900000)
  from space 5120K, 99% used [0x000000076e900000,0x000000076edff9a0,0x000000076ee00000)
  to   space 5120K, 0% used [0x0000000772c00000,0x0000000772c00000,0x0000000773100000)
 ParOldGen       total 84992K, used 15125K [0x00000006c0000000, 0x00000006c5300000, 0x000000076ab00000)
  object space 84992K, 17% used [0x00000006c0000000,0x00000006c0ec57d8,0x00000006c5300000)
 Metaspace       used 6107K, capacity 7024K, committed 7296K, reserved 1056768K
  class space    used 591K, capacity 616K, committed 640K, reserved 1048576K
}
Event: 3,031 GC heap before
{Heap before GC invocations=4 (full 0):
 PSYoungGen      total 68608K, used 68606K [0x000000076ab00000, 0x0000000773100000, 0x00000007c0000000)
  eden space 63488K, 100% used [0x000000076ab00000,0x000000076e900000,0x000000076e900000)
  from space 5120K, 99% used [0x000000076e900000,0x000000076edff9a0,0x000000076ee00000)
  to   space 5120K, 0% used [0x0000000772c00000,0x0000000772c00000,0x0000000773100000)
 ParOldGen       total 84992K, used 15125K [0x00000006c0000000, 0x00000006c5300000, 0x000000076ab00000)
  object space 84992K, 17% used [0x00000006c0000000,0x00000006c0ec57d8,0x00000006c5300000)
 Metaspace       used 6107K, capacity 7024K, committed 7296K, reserved 1056768K
  class space    used 591K, capacity 616K, committed 640K, reserved 1048576K
Event: 3,082 GC heap after
Heap after GC invocations=4 (full 0):
 PSYoungGen      total 132096K, used 5107K [0x000000076ab00000, 0x0000000773100000, 0x00000007c0000000)
  eden space 126976K, 0% used [0x000000076ab00000,0x000000076ab00000,0x0000000772700000)
  from space 5120K, 99% used [0x0000000772c00000,0x00000007730fcd70,0x0000000773100000)
  to   space 5120K, 0% used [0x0000000772700000,0x0000000772700000,0x0000000772c00000)
 ParOldGen       total 84992K, used 24287K [0x00000006c0000000, 0x00000006c5300000, 0x000000076ab00000)
  object space 84992K, 28% used [0x00000006c0000000,0x00000006c17b7c88,0x00000006c5300000)
 Metaspace       used 6107K, capacity 7024K, committed 7296K, reserved 1056768K
  class space    used 591K, capacity 616K, committed 640K, reserved 1048576K
}
Event: 4,038 GC heap before
{Heap before GC invocations=5 (full 0):
 PSYoungGen      total 132096K, used 132083K [0x000000076ab00000, 0x0000000773100000, 0x00000007c0000000)
  eden space 126976K, 100% used [0x000000076ab00000,0x0000000772700000,0x0000000772700000)
  from space 5120K, 99% used [0x0000000772c00000,0x00000007730fcd70,0x0000000773100000)
  to   space 5120K, 0% used [0x0000000772700000,0x0000000772700000,0x0000000772c00000)
 ParOldGen       total 84992K, used 24287K [0x00000006c0000000, 0x00000006c5300000, 0x000000076ab00000)
  object space 84992K, 28% used [0x00000006c0000000,0x00000006c17b7c88,0x00000006c5300000)
 Metaspace       used 6225K, capacity 7088K, committed 7296K, reserved 1056768K
  class space    used 591K, capacity 616K, committed 640K, reserved 1048576K
Event: 4,158 GC heap after
Heap after GC invocations=5 (full 0):
 PSYoungGen      total 132096K, used 5115K [0x000000076ab00000, 0x000000077d500000, 0x00000007c0000000)
  eden space 126976K, 0% used [0x000000076ab00000,0x000000076ab00000,0x0000000772700000)
  from space 5120K, 99% used [0x0000000772700000,0x0000000772bfee28,0x0000000772c00000)
  to   space 25600K, 0% used [0x000000077bc00000,0x000000077bc00000,0x000000077d500000)
 ParOldGen       total 84992K, used 43549K [0x00000006c0000000, 0x00000006c5300000, 0x000000076ab00000)
  object space 84992K, 51% used [0x00000006c0000000,0x00000006c2a87628,0x00000006c5300000)
 Metaspace       used 6225K, capacity 7088K, committed 7296K, reserved 1056768K
  class space    used 591K, capacity 616K, committed 640K, reserved 1048576K
}
Event: 4,857 GC heap before
{Heap before GC invocations=6 (full 0):
 PSYoungGen      total 132096K, used 132091K [0x000000076ab00000, 0x000000077d500000, 0x00000007c0000000)
  eden space 126976K, 100% used [0x000000076ab00000,0x0000000772700000,0x0000000772700000)
  from space 5120K, 99% used [0x0000000772700000,0x0000000772bfee28,0x0000000772c00000)
  to   space 25600K, 0% used [0x000000077bc00000,0x000000077bc00000,0x000000077d500000)
 ParOldGen       total 84992K, used 43549K [0x00000006c0000000, 0x00000006c5300000, 0x000000076ab00000)
  object space 84992K, 51% used [0x00000006c0000000,0x00000006c2a87628,0x00000006c5300000)
 Metaspace       used 6362K, capacity 7216K, committed 7296K, reserved 1056768K
  class space    used 591K, capacity 616K, committed 640K, reserved 1048576K
Event: 4,927 GC heap after
Heap after GC invocations=6 (full 0):
 PSYoungGen      total 275456K, used 24490K [0x000000076ab00000, 0x000000077dd00000, 0x00000007c0000000)
  eden space 249856K, 0% used [0x000000076ab00000,0x000000076ab00000,0x0000000779f00000)
  from space 25600K, 95% used [0x000000077bc00000,0x000000077d3ea860,0x000000077d500000)
  to   space 29696K, 0% used [0x0000000779f00000,0x0000000779f00000,0x000000077bc00000)
 ParOldGen       total 84992K, used 43549K [0x00000006c0000000, 0x00000006c5300000, 0x000000076ab00000)
  object space 84992K, 51% used [0x00000006c0000000,0x00000006c2a87628,0x00000006c5300000)
 Metaspace       used 6362K, capacity 7216K, committed 7296K, reserved 1056768K
  class space    used 591K, capacity 616K, committed 640K, reserved 1048576K
}
Event: 8,077 GC heap before
{Heap before GC invocations=7 (full 0):
 PSYoungGen      total 275456K, used 274346K [0x000000076ab00000, 0x000000077dd00000, 0x00000007c0000000)
  eden space 249856K, 100% used [0x000000076ab00000,0x0000000779f00000,0x0000000779f00000)
  from space 25600K, 95% used [0x000000077bc00000,0x000000077d3ea860,0x000000077d500000)
  to   space 29696K, 0% used [0x0000000779f00000,0x0000000779f00000,0x000000077bc00000)
 ParOldGen       total 84992K, used 43549K [0x00000006c0000000, 0x00000006c5300000, 0x000000076ab00000)
  object space 84992K, 51% used [0x00000006c0000000,0x00000006c2a87628,0x00000006c5300000)
 Metaspace       used 6887K, capacity 7512K, committed 7680K, reserved 1056768K
  class space    used 628K, capacity 656K, committed 768K, reserved 1048576K

